<mxfile userAgent="Mozilla/5.0 (Macintosh; Intel Mac OS X 10_13_6) AppleWebKit/537.36 (KHTML, like Gecko) draw.io/8.8.0 Chrome/61.0.3163.100 Electron/2.0.2 Safari/537.36" version="9.3.1" editor="www.draw.io" type="device"><diagram id="8451f95b-eff2-c7f1-f5af-7c22b599c916" name="Title">jZNRc4IwDMc/DY+7U5hMH9U5t4c9ubs9V4jQszSsVMF9+qU2FZi3u/EA6e/fNCFJo2RddVsj6vIdc1BRPMm7KHmO4ngxm9DbgYsH6SL2oDAy92jag538BobsV5xkDs1oo0VUVtZjmKHWkNkRE8ZgO952QDWOWosC7sAuE+qefsrclp7O46eev4IsyhB5mi68shfZsTB40hwvipPD9fFyJcJZ/KNNKXJsByjZRMnaIFpvVd0alCttKJv3e/lDveVtQNv/OHBbzkKdIGScKnJdHZBOoATthYuSfp0wCA/NtWVL2jCb1V0vklW47wc0zvutcoXmE/cmqFvQYISVqO+1QChnn0LA8Sib2ELneGkrRWBKZmMNHmGNCg0RjRpctlKpX0goWWhaZlQjIL46g7GSmr9koZJ57sKs2lJa2NUiczFbmnRi1+aCK9+Ei8Hj+zi/pTmsP7fExYBugLgfW8AKrLnQlqCGS8B3Z8HLth/EdMKsHAxhkjAUPPzF7eh+AMjgGQjLftau2uA+J5sf</diagram><diagram name="test image generation" id="444aea72-2a0b-1178-5d1d-fb2a8d608c97">7Vhdc9sqEP01nmkfmrEkW3YeEydNH9qndKbPWFpJNAhUQP7or++C0JdR0nSae53cufKMLR0WWHbPHrBm0aY83ElSFV9ECmwWztPDLLqZheHlco7fBjg2QHwZNkAuadpAQQ/c05/gQNcvr2kKamSohWCaVmMwEZxDokcYkVLsx2aZYONZK5KDB9wnhPnoN5rqokHX4arHPwHNC33SsCXJQy5Fzd10szDK7NU0l6Qdyq1TFSQV+wEU3c6ijRRCN3flYQPMRLaNWtPv4yOtndsSuH5OB5eVHWE1tB7HDLteFzhWnJu7r6C06VKamGFqgIMkmgremm5la9oiOGHfvwVTujMr1kcX5PhHbZZ5nQmuPyhLgSs0CBbVoW88HaRmpwijnaMCu8OhYkIaRwsMLDKQZhnYcPRLIJywo6LK3LJcSKqL0jzshXwwZtbWADuQR/ypFWRm4vk7wkRpo4GsA6WIPL631DSptyNvGbSAC5R9HoTQToQzmp8mGSlklENqEidFBVJTUBf49FFIuyBSVnZUwcE6WTNjy+hDNxWWgZaCNdaJZsZpXZhmXpdbMMOIzHxtv2O1oAebzqCDDBcr6x3hZnzKNXBFjTNDewY7W+p2vC2rpaQ8HxpwQdXQsBmtaRuUhzO4GFCmz6Sf228YMVGbIKo6KSZCapOWEN5lgpXCWVRCKTpIjATCbIiSAhKT8H1BtPX0NxxpaZEKu2YMkc2eJtSuA/OEnvKtquwS5j70xFIR9LmNoK2aFg1HBRRqONhS1SVDIMBbhTR4gI3AEkCEG8ZggVHGTiBVkcSsIbpZ9k9fBXp58wEdj673BdVwj7iZao8aj5jAcsiYlauCpilwxGwywajJvPNwKD9OkbAnOjuAnBzdgShB2yJzrSunjG7jiNzjvlfh1dxhxUCBu52DOOXPu5F7+cMbp4DTahh5auhY5iudo8lJQsbRmIrhIFfDtJh9Ymk+Xg6xJbaXU8oB3lwOd3tosHiZNMSX0cVylInFaioVfibiF0jE5TO2patE052Tp3PuOne9zJMTXXpa3P6veJfsccWvJ3gWxxNEC8IXYFq4nqDaSdAhxbOhexQS96Fc4OZw26MnMRlk5ztofXSlSWrcfTCm3QifhQ1/8FQYlahl4vwIXUFqInNodc8dPI2PTwZbAsND2258vv2ryC29yCW4s9pCgLLSx34zfVQlgz9XyeY07Wuep5pze72QGj5HDNf/kBhGgRfo10vRlU/Rdgs/A0VXXuRImtrDa6bQvbdPzGB9Vmb6B6ZXy8yWhSNmhudiZuvNIHIVofZPaveH7M2TM5qflZz+/vR6yRlOkHNxNnL6b4XMH/3/ACMX0VkZGb9eAi4mCHg2/i0e2bbdq6U3T8Plv3mexMf+fbJtG7yyj25/AQ==</diagram></mxfile>